<?xml version="1.0" encoding="UTF-8"?>
<!-- Generated by org.testng.reporters.JUnitXMLReporter -->
<testsuite ignored="1" hostname="DESKTOP-5PV4UM2" failures="0" tests="3" name="Default test" time="20.454" errors="0" timestamp="2025-02-12T19:38:31 IST">
  <testcase classname="org.tester.TestNgFourth" name="tc1" time="5.352"/>
  <testcase classname="org.tester.TestNgFourth" name="tc4" time="0.003"/>
  <testcase classname="org.tester.TestNgFourth" name="tc5" time="0.005"/>
  <testcase classname="org.tester.TestNgFourth" name="tc8" time="0.0">
    <ignored/>
  </testcase> <!-- tc8 -->
</testsuite> <!-- Default test -->
