<?xml version="1.0" encoding="UTF-8"?>
<!-- Generated by org.testng.reporters.JUnitXMLReporter -->
<testsuite ignored="1" hostname="DESKTOP-5PV4UM2" failures="0" tests="5" name="Test" time="19.344" errors="0" timestamp="2025-02-15T21:39:59 IST">
  <testcase classname="org.tester.TestNgFourth" name="tc1" time="4.303"/>
  <testcase classname="org.tester.TestNgFourth" name="tc5" time="0.006"/>
  <testcase classname="org.tester.TestNgFourth" name="tc5" time="0.002"/>
  <testcase classname="org.tester.TestNgFourth" name="tc5" time="0.005"/>
  <testcase classname="org.tester.TestNgFourth" name="tc4" time="0.006"/>
  <testcase classname="org.tester.TestNgFourth" name="tc8" time="0.0">
    <ignored/>
  </testcase> <!-- tc8 -->
</testsuite> <!-- Test -->
