<?xml version="1.0" encoding="UTF-8"?>
<testng-results ignored="0" total="5" passed="5" failed="0" skipped="0">
  <reporter-output>
  </reporter-output>
  <suite started-at="2025-02-15T21:39:39 IST" name="Suite" finished-at="2025-02-15T21:39:59 IST" duration-ms="19344">
    <groups>
    </groups>
    <test started-at="2025-02-15T21:39:39 IST" name="Test" finished-at="2025-02-15T21:39:59 IST" duration-ms="19344">
      <class name="org.tester.TestNgFourth">
        <test-method is-config="true" signature="launchTheBrowser()[pri:0, instance:org.tester.TestNgFourth@175b9425]" started-at="2025-02-15T21:39:39 IST" name="launchTheBrowser" finished-at="2025-02-15T21:39:54 IST" duration-ms="14850" status="PASS">
          <reporter-output>
          </reporter-output>
        </test-method> <!-- launchTheBrowser -->
        <test-method is-config="true" signature="startDate()[pri:0, instance:org.tester.TestNgFourth@175b9425]" started-at="2025-02-15T21:39:54 IST" name="startDate" finished-at="2025-02-15T21:39:54 IST" duration-ms="2" status="PASS">
          <reporter-output>
          </reporter-output>
        </test-method> <!-- startDate -->
        <test-method signature="tc1()[pri:0, instance:org.tester.TestNgFourth@175b9425]" started-at="2025-02-15T21:39:54 IST" name="tc1" finished-at="2025-02-15T21:39:59 IST" duration-ms="4303" status="PASS">
          <reporter-output>
          </reporter-output>
        </test-method> <!-- tc1 -->
        <test-method is-config="true" signature="endDate()[pri:0, instance:org.tester.TestNgFourth@175b9425]" started-at="2025-02-15T21:39:59 IST" name="endDate" finished-at="2025-02-15T21:39:59 IST" duration-ms="2" status="PASS">
          <reporter-output>
          </reporter-output>
        </test-method> <!-- endDate -->
        <test-method is-config="true" signature="startDate()[pri:0, instance:org.tester.TestNgFourth@175b9425]" started-at="2025-02-15T21:39:59 IST" name="startDate" finished-at="2025-02-15T21:39:59 IST" duration-ms="2" status="PASS">
          <reporter-output>
          </reporter-output>
        </test-method> <!-- startDate -->
        <test-method signature="tc5()[pri:0, instance:org.tester.TestNgFourth@175b9425]" started-at="2025-02-15T21:39:59 IST" name="tc5" finished-at="2025-02-15T21:39:59 IST" duration-ms="6" status="PASS">
          <reporter-output>
          </reporter-output>
        </test-method> <!-- tc5 -->
        <test-method is-config="true" signature="endDate()[pri:0, instance:org.tester.TestNgFourth@175b9425]" started-at="2025-02-15T21:39:59 IST" name="endDate" finished-at="2025-02-15T21:39:59 IST" duration-ms="2" status="PASS">
          <reporter-output>
          </reporter-output>
        </test-method> <!-- endDate -->
        <test-method is-config="true" signature="startDate()[pri:0, instance:org.tester.TestNgFourth@175b9425]" started-at="2025-02-15T21:39:59 IST" name="startDate" finished-at="2025-02-15T21:39:59 IST" duration-ms="1" status="PASS">
          <reporter-output>
          </reporter-output>
        </test-method> <!-- startDate -->
        <test-method signature="tc5()[pri:0, instance:org.tester.TestNgFourth@175b9425]" started-at="2025-02-15T21:39:59 IST" name="tc5" finished-at="2025-02-15T21:39:59 IST" duration-ms="2" status="PASS">
          <reporter-output>
          </reporter-output>
        </test-method> <!-- tc5 -->
        <test-method is-config="true" signature="endDate()[pri:0, instance:org.tester.TestNgFourth@175b9425]" started-at="2025-02-15T21:39:59 IST" name="endDate" finished-at="2025-02-15T21:39:59 IST" duration-ms="1" status="PASS">
          <reporter-output>
          </reporter-output>
        </test-method> <!-- endDate -->
        <test-method is-config="true" signature="startDate()[pri:0, instance:org.tester.TestNgFourth@175b9425]" started-at="2025-02-15T21:39:59 IST" name="startDate" finished-at="2025-02-15T21:39:59 IST" duration-ms="1" status="PASS">
          <reporter-output>
          </reporter-output>
        </test-method> <!-- startDate -->
        <test-method signature="tc5()[pri:0, instance:org.tester.TestNgFourth@175b9425]" started-at="2025-02-15T21:39:59 IST" name="tc5" finished-at="2025-02-15T21:39:59 IST" duration-ms="5" status="PASS">
          <reporter-output>
          </reporter-output>
        </test-method> <!-- tc5 -->
        <test-method is-config="true" signature="endDate()[pri:0, instance:org.tester.TestNgFourth@175b9425]" started-at="2025-02-15T21:39:59 IST" name="endDate" finished-at="2025-02-15T21:39:59 IST" duration-ms="1" status="PASS">
          <reporter-output>
          </reporter-output>
        </test-method> <!-- endDate -->
        <test-method is-config="true" signature="startDate()[pri:0, instance:org.tester.TestNgFourth@175b9425]" started-at="2025-02-15T21:39:59 IST" name="startDate" finished-at="2025-02-15T21:39:59 IST" duration-ms="1" status="PASS">
          <reporter-output>
          </reporter-output>
        </test-method> <!-- startDate -->
        <test-method signature="tc4()[pri:1, instance:org.tester.TestNgFourth@175b9425]" started-at="2025-02-15T21:39:59 IST" name="tc4" finished-at="2025-02-15T21:39:59 IST" duration-ms="6" status="PASS">
          <reporter-output>
          </reporter-output>
        </test-method> <!-- tc4 -->
        <test-method is-config="true" signature="endDate()[pri:0, instance:org.tester.TestNgFourth@175b9425]" started-at="2025-02-15T21:39:59 IST" name="endDate" finished-at="2025-02-15T21:39:59 IST" duration-ms="4" status="PASS">
          <reporter-output>
          </reporter-output>
        </test-method> <!-- endDate -->
        <test-method is-config="true" signature="closeTheBrowser()[pri:0, instance:org.tester.TestNgFourth@175b9425]" started-at="2025-02-15T21:39:59 IST" name="closeTheBrowser" finished-at="2025-02-15T21:39:59 IST" duration-ms="2" status="PASS">
          <reporter-output>
          </reporter-output>
        </test-method> <!-- closeTheBrowser -->
      </class> <!-- org.tester.TestNgFourth -->
    </test> <!-- Test -->
  </suite> <!-- Suite -->
</testng-results>
